2016-11-14 13:37:16,234 INFO  [sqlaskeleton][MainThread] Initializing databse engine and session
2016-11-14 13:37:16,677 INFO  [sqlaskeleton.example][MainThread] Starting run_it()
2016-11-14 13:38:08,736 INFO  [sqlaskeleton][MainThread] Initializing databse engine and session
2016-11-14 13:38:23,155 INFO  [sqlaskeleton.example][MainThread] Starting run_it()
2016-11-14 15:01:26,996 INFO  [sqlaskeleton][MainThread] Initializing databse engine and session
2016-11-14 15:01:27,245 INFO  [sqlaskeleton.example][MainThread] Starting run_it()
2016-11-14 15:02:19,639 INFO  [sqlaskeleton][MainThread] Initializing databse engine and session
2016-11-14 15:50:19,158 INFO  [sqlaskeleton][MainThread] Initializing databse engine and session
2016-11-14 15:57:06,102 INFO  [sqlaskeleton.example][MainThread] Finished createing tables.... maybe
2016-11-14 15:57:09,078 INFO  [sqlaskeleton.example][MainThread] Starting run_it()
2016-11-15 21:20:30,385 INFO  [sqlaskeleton][MainThread] Initializing databse engine and session
2016-11-15 21:20:30,661 INFO  [sqlaskeleton.service.example][MainThread] Starting run_it()
2016-11-15 21:21:10,781 INFO  [sqlaskeleton][MainThread] Initializing databse engine and session
2016-11-15 21:21:11,056 INFO  [sqlaskeleton.service.example][MainThread] Starting run_it()
2016-11-15 21:23:11,160 INFO  [sqlaskeleton][MainThread] Initializing databse engine and session
2016-11-15 21:23:11,417 INFO  [sqlaskeleton.service.example][MainThread] Starting run_it()
2016-11-15 21:23:23,487 INFO  [sqlaskeleton][MainThread] Initializing databse engine and session
2016-11-15 21:23:23,759 INFO  [sqlaskeleton.service.example][MainThread] Starting run_it()
2016-11-15 21:25:43,184 INFO  [sqlaskeleton][MainThread] Initializing databse engine and session
2016-11-15 21:25:43,423 INFO  [sqlaskeleton.service.example][MainThread] Starting run_it()
2016-11-15 21:25:46,424 INFO  [sqlaskeleton][MainThread] Initializing databse engine and session
2016-11-15 21:25:46,671 INFO  [sqlaskeleton.service.example][MainThread] Starting run_it()
2016-11-15 21:26:19,381 INFO  [sqlaskeleton][MainThread] Initializing databse engine and session
2016-11-15 21:26:19,657 INFO  [sqlaskeleton.service.example][MainThread] Starting run_it()
2016-11-15 21:26:53,038 INFO  [sqlaskeleton][MainThread] Initializing databse engine and session
2016-11-15 21:26:53,321 INFO  [sqlaskeleton.service.example][MainThread] Starting run_it()
2016-11-15 21:27:18,951 INFO  [sqlaskeleton][MainThread] Initializing databse engine and session
2016-11-15 21:27:19,225 INFO  [sqlaskeleton.service.example][MainThread] Starting run_it()
2016-11-15 21:28:30,819 INFO  [sqlaskeleton][MainThread] Initializing databse engine and session
2016-11-15 21:28:31,095 INFO  [sqlaskeleton.service.example][MainThread] Starting run_it()
2016-11-15 21:29:09,902 INFO  [sqlaskeleton][MainThread] Initializing databse engine and session
2016-11-15 21:29:10,180 INFO  [sqlaskeleton.service.example][MainThread] Starting run_it()
2016-11-15 21:31:44,476 INFO  [sqlaskeleton][MainThread] Initializing databse engine and session
2016-11-15 21:31:44,724 INFO  [sqlaskeleton.__main__][MainThread] []
2016-11-15 21:31:44,725 INFO  [sqlaskeleton.service.example][MainThread] Starting run_it()
2016-11-15 21:31:56,162 INFO  [sqlaskeleton][MainThread] Initializing databse engine and session
2016-11-15 21:31:56,409 INFO  [sqlaskeleton.__main__][MainThread] ['asdf', 'asdf']
2016-11-15 21:31:56,410 INFO  [sqlaskeleton.service.example][MainThread] Starting run_it()
2016-11-15 21:34:01,326 INFO  [sqlaskeleton][MainThread] Initializing databse engine and session
2016-11-15 21:34:01,577 INFO  [sqlaskeleton.__main__][MainThread] ['asdf', 'asdf']
2016-11-15 21:34:01,586 INFO  [sqlaskeleton.service.example][MainThread] Starting run_it()
2016-11-15 21:34:07,175 INFO  [sqlaskeleton][MainThread] Initializing databse engine and session
2016-11-15 21:34:07,440 INFO  [sqlaskeleton.service.example][MainThread] Starting run_it()
2016-11-15 21:36:54,412 INFO  [sqlaskeleton][MainThread] Initializing databse engine and session
2016-11-15 21:36:54,676 INFO  [sqlaskeleton.service.example][MainThread] Starting run_it()
2016-11-15 21:37:14,993 INFO  [sqlaskeleton][MainThread] Initializing databse engine and session
2016-11-15 21:37:15,267 INFO  [sqlaskeleton.service.example][MainThread] Starting run_it()
2016-11-15 21:37:56,095 INFO  [sqlaskeleton][MainThread] Initializing databse engine and session
2016-11-15 21:37:56,368 INFO  [__main__][MainThread] ['example.py', 'asdf', 'asdf']
2016-11-15 21:37:56,369 INFO  [sqlaskeleton.service.example][MainThread] Starting run_it()
